TN:
SF:scraper.js
FN:3,<instance_members_initializer>
FN:6,Scraper
FN:10,selectFiveProducts
FN:31,scrape
FN:75,createAlerts
FN:83,sendAlerts
FN:98,scrapeCreateAndSendAlerts
FN:105,getAlerts
FN:112,deleteAlerts
FNF:9
FNH:9
FNDA:1,<instance_members_initializer>
FNDA:1,Scraper
FNDA:1,selectFiveProducts
FNDA:5,scrape
FNDA:1,createAlerts
FNDA:1,sendAlerts
FNDA:1,scrapeCreateAndSendAlerts
FNDA:1,getAlerts
FNDA:1,deleteAlerts
DA:1,1
DA:2,1
DA:3,1
DA:4,1
DA:5,1
DA:6,1
DA:7,1
DA:8,1
DA:9,1
DA:10,1
DA:11,1
DA:12,1
DA:13,1
DA:14,1
DA:15,1
DA:16,1
DA:17,1
DA:18,1
DA:19,1
DA:20,1
DA:21,1
DA:22,1
DA:23,5
DA:24,5
DA:25,5
DA:26,5
DA:27,5
DA:28,1
DA:29,1
DA:30,1
DA:31,1
DA:32,5
DA:33,5
DA:34,5
DA:35,5
DA:36,5
DA:37,5
DA:38,5
DA:39,5
DA:40,5
DA:41,5
DA:42,5
DA:43,5
DA:44,5
DA:45,5
DA:46,5
DA:47,5
DA:48,5
DA:49,5
DA:50,5
DA:51,5
DA:52,5
DA:53,5
DA:54,5
DA:55,5
DA:56,5
DA:57,5
DA:58,5
DA:59,5
DA:60,5
DA:61,5
DA:62,5
DA:63,5
DA:64,5
DA:65,5
DA:66,5
DA:67,5
DA:68,5
DA:69,5
DA:70,5
DA:71,5
DA:72,5
DA:73,5
DA:74,1
DA:75,1
DA:76,1
DA:77,5
DA:78,5
DA:79,1
DA:80,1
DA:81,1
DA:82,1
DA:83,1
DA:84,1
DA:85,5
DA:86,5
DA:87,5
DA:88,5
DA:89,5
DA:90,5
DA:91,5
DA:92,5
DA:93,5
DA:94,1
DA:95,1
DA:96,1
DA:97,1
DA:98,1
DA:99,1
DA:100,1
DA:101,1
DA:102,1
DA:103,1
DA:104,1
DA:105,1
DA:106,1
DA:107,1
DA:108,1
DA:109,1
DA:110,1
DA:111,1
DA:112,1
DA:113,1
DA:114,1
DA:115,1
DA:116,1
DA:117,1
DA:118,1
DA:119,1
DA:120,1
DA:121,1
DA:122,1
DA:123,1
DA:124,1
DA:125,1
DA:126,1
DA:127,1
DA:128,1
DA:129,1
DA:130,1
DA:131,1
DA:132,1
DA:133,1
LF:133
LH:133
BRDA:3,0,0,1
BRDA:6,1,0,1
BRDA:10,2,0,1
BRDA:22,3,0,5
BRDA:31,4,0,5
BRDA:75,5,0,1
BRDA:76,6,0,5
BRDA:83,7,0,1
BRDA:84,8,0,5
BRDA:98,9,0,1
BRDA:105,10,0,1
BRDA:112,11,0,1
BRF:12
BRH:12
end_of_record
